d:\animation\a1_blend_faces\a1_blend_faces\a1_blend_faces\release\a1_blend_faces.ipdb
d:\animation\a1_blend_faces\a1_blend_faces\a1_blend_faces\release\a1_blend_faces.iobj
d:\animation\a1_blend_faces\a1_blend_faces\a1_blend_faces\a1_blend_faces\release\vc141.pdb
d:\animation\a1_blend_faces\a1_blend_faces\a1_blend_faces\a1_blend_faces\release\vboindexer.obj
d:\animation\a1_blend_faces\a1_blend_faces\a1_blend_faces\a1_blend_faces\release\main.obj
d:\animation\a1_blend_faces\a1_blend_faces\a1_blend_faces\a1_blend_faces\release\loadobj.obj
d:\animation\a1_blend_faces\a1_blend_faces\a1_blend_faces\a1_blend_faces\release\filesindir.obj
d:\animation\a1_blend_faces\a1_blend_faces\a1_blend_faces\a1_blend_faces\release\imgui_widgets.obj
d:\animation\a1_blend_faces\a1_blend_faces\a1_blend_faces\a1_blend_faces\release\imgui_impl_opengl3.obj
d:\animation\a1_blend_faces\a1_blend_faces\a1_blend_faces\a1_blend_faces\release\imgui_impl_glfw.obj
d:\animation\a1_blend_faces\a1_blend_faces\a1_blend_faces\a1_blend_faces\release\imgui_draw.obj
d:\animation\a1_blend_faces\a1_blend_faces\a1_blend_faces\a1_blend_faces\release\imgui_demo.obj
d:\animation\a1_blend_faces\a1_blend_faces\a1_blend_faces\a1_blend_faces\release\imgui.obj
d:\animation\a1_blend_faces\a1_blend_faces\a1_blend_faces\release\a1_blend_faces.exe
d:\animation\a1_blend_faces\a1_blend_faces\a1_blend_faces\release\a1_blend_faces.pdb
d:\animation\a1_blend_faces\a1_blend_faces\a1_blend_faces\a1_blend_faces\release\a1_blend_faces.tlog\a1_blend_faces.write.1u.tlog
d:\animation\a1_blend_faces\a1_blend_faces\a1_blend_faces\a1_blend_faces\release\a1_blend_faces.tlog\cl.command.1.tlog
d:\animation\a1_blend_faces\a1_blend_faces\a1_blend_faces\a1_blend_faces\release\a1_blend_faces.tlog\cl.read.1.tlog
d:\animation\a1_blend_faces\a1_blend_faces\a1_blend_faces\a1_blend_faces\release\a1_blend_faces.tlog\cl.write.1.tlog
d:\animation\a1_blend_faces\a1_blend_faces\a1_blend_faces\a1_blend_faces\release\a1_blend_faces.tlog\link.command.1.tlog
d:\animation\a1_blend_faces\a1_blend_faces\a1_blend_faces\a1_blend_faces\release\a1_blend_faces.tlog\link.read.1.tlog
d:\animation\a1_blend_faces\a1_blend_faces\a1_blend_faces\a1_blend_faces\release\a1_blend_faces.tlog\link.write.1.tlog
